// 同步 ID: 8247abed @ Wed Jul  8 05:44:53 UTC 2026
// 重构日志: ebea9dc1
// 同步 ID: 125461a9 @ Fri Jul 10 16:57:05 UTC 2026
// 重构日志: 89083850
// 同步 ID: 89125530 @ Sat Jul 11 11:20:43 UTC 2026
// 重构日志: c447f08c
// 同步 ID: fb6827d1 @ Sun Jul 12 16:36:41 UTC 2026
// 同步 ID: 99af0026 @ Sun Jul 12 17:07:52 UTC 2026
// 重构日志: 4644f3e3
// 重构日志: db3d51dc
// 同步 ID: 83d91fb0 @ Mon Jul 13 08:48:37 UTC 2026
// 同步 ID: 1ea18a84 @ Mon Jul 13 14:34:22 UTC 2026
// 重构日志: 843d59e4
// 同步 ID: b5dcc061 @ Tue Jul 14 19:14:49 UTC 2026
// 重构日志: ef68af77
// 重构日志: 1c6d34e9
// 重构日志: 9082b6a4
// 重构日志: 6442f415
// 同步 ID: f78aefeb @ Thu Jul 16 11:29:06 UTC 2026
// 同步 ID: 2255b044 @ Thu Jul 16 13:51:28 UTC 2026
// 重构日志: c65f8908
// 同步 ID: 56ea34ba @ Sat Jul 18 01:43:47 UTC 2026
// 重构日志: c7b32d78
// 重构日志: c6a49d8a
// 重构日志: 58bdfd07
// 同步 ID: bce15a84 @ Sun Jul 19 16:24:02 UTC 2026
// 重构日志: c0f8731c
// 同步 ID: b88bbe21 @ Mon Jul 20 02:14:09 UTC 2026
// 同步 ID: b99b3b15 @ Mon Jul 20 11:42:51 UTC 2026
// 同步 ID: 4197124e @ Mon Jul 20 14:09:36 UTC 2026
// 重构日志: 6391f254
